[INFO] [2026-02-26 07:29:03][org.springframework.web.context.ContextLoader]Root WebApplicationContext: initialization started
[INFO] [2026-02-26 07:29:03][org.springframework.web.context.support.XmlWebApplicationContext]Refreshing Root WebApplicationContext: startup date [Thu Feb 26 07:29:03 IST 2026]; root of context hierarchy
[INFO] [2026-02-26 07:29:04][org.springframework.beans.factory.xml.XmlBeanDefinitionReader]Loading XML bean definitions from file [C:\Users\HP\eclipse-workspace\.metadata\.plugins\org.eclipse.wst.server.core\tmp0\wtpwebapps\FingerprintDeviceDemo\WEB-INF\classes\spring-mybatis.xml]
[INFO] [2026-02-26 07:29:05][org.springframework.beans.factory.config.PropertyPlaceholderConfigurer]Loading properties file from class path resource [jdbc.properties]
[INFO] [2026-02-26 07:29:05][org.springframework.beans.factory.annotation.AutowiredAnnotationBeanPostProcessor]JSR-330 'javax.inject.Inject' annotation found and supported for autowiring
[ERROR] [2026-02-26 07:29:06][org.springframework.web.context.ContextLoader]Context initialization failed
org.springframework.beans.factory.UnsatisfiedDependencyException: Error creating bean with name 'webSocket' defined in file [C:\Users\HP\eclipse-workspace\.metadata\.plugins\org.eclipse.wst.server.core\tmp0\wtpwebapps\FingerprintDeviceDemo\WEB-INF\classes\spring-mybatis.xml]: Unsatisfied dependency expressed through constructor argument with index 0 of type [int]: Ambiguous constructor argument types - did you specify the correct bean references as constructor arguments?
Related cause: org.springframework.beans.factory.UnsatisfiedDependencyException: Error creating bean with name 'webSocket' defined in file [C:\Users\HP\eclipse-workspace\.metadata\.plugins\org.eclipse.wst.server.core\tmp0\wtpwebapps\FingerprintDeviceDemo\WEB-INF\classes\spring-mybatis.xml]: Unsatisfied dependency expressed through constructor argument with index 0 of type [java.net.InetSocketAddress]: Ambiguous constructor argument types - did you specify the correct bean references as constructor arguments?
	at org.springframework.beans.factory.support.ConstructorResolver.createArgumentArray(ConstructorResolver.java:727)
	at org.springframework.beans.factory.support.ConstructorResolver.autowireConstructor(ConstructorResolver.java:185)
	at org.springframework.beans.factory.support.AbstractAutowireCapableBeanFactory.autowireConstructor(AbstractAutowireCapableBeanFactory.java:1114)
	at org.springframework.beans.factory.support.AbstractAutowireCapableBeanFactory.createBeanInstance(AbstractAutowireCapableBeanFactory.java:1017)
	at org.springframework.beans.factory.support.AbstractAutowireCapableBeanFactory.doCreateBean(AbstractAutowireCapableBeanFactory.java:504)
	at org.springframework.beans.factory.support.AbstractAutowireCapableBeanFactory.createBean(AbstractAutowireCapableBeanFactory.java:475)
	at org.springframework.beans.factory.support.AbstractBeanFactory$1.getObject(AbstractBeanFactory.java:304)
	at org.springframework.beans.factory.support.DefaultSingletonBeanRegistry.getSingleton(DefaultSingletonBeanRegistry.java:228)
	at org.springframework.beans.factory.support.AbstractBeanFactory.doGetBean(AbstractBeanFactory.java:300)
	at org.springframework.beans.factory.support.AbstractBeanFactory.getBean(AbstractBeanFactory.java:195)
	at org.springframework.beans.factory.support.DefaultListableBeanFactory.preInstantiateSingletons(DefaultListableBeanFactory.java:700)
	at org.springframework.context.support.AbstractApplicationContext.finishBeanFactoryInitialization(AbstractApplicationContext.java:760)
	at org.springframework.context.support.AbstractApplicationContext.refresh(AbstractApplicationContext.java:482)
	at org.springframework.web.context.ContextLoader.configureAndRefreshWebApplicationContext(ContextLoader.java:403)
	at org.springframework.web.context.ContextLoader.initWebApplicationContext(ContextLoader.java:306)
	at org.springframework.web.context.ContextLoaderListener.contextInitialized(ContextLoaderListener.java:106)
	at org.apache.catalina.core.StandardContext.listenerStart(StandardContext.java:4047)
	at org.apache.catalina.core.StandardContext.startInternal(StandardContext.java:4489)
	at org.apache.catalina.util.LifecycleBase.start(LifecycleBase.java:164)
	at org.apache.catalina.core.ContainerBase$StartChild.call(ContainerBase.java:1201)
	at org.apache.catalina.core.ContainerBase$StartChild.call(ContainerBase.java:1191)
	at java.util.concurrent.FutureTask.run(FutureTask.java:266)
	at org.apache.tomcat.util.threads.InlineExecutorService.execute(InlineExecutorService.java:82)
	at java.util.concurrent.AbstractExecutorService.submit(AbstractExecutorService.java:134)
	at org.apache.catalina.core.ContainerBase.startInternal(ContainerBase.java:747)
	at org.apache.catalina.core.StandardHost.startInternal(StandardHost.java:726)
	at org.apache.catalina.util.LifecycleBase.start(LifecycleBase.java:164)
	at org.apache.catalina.core.ContainerBase$StartChild.call(ContainerBase.java:1201)
	at org.apache.catalina.core.ContainerBase$StartChild.call(ContainerBase.java:1191)
	at java.util.concurrent.FutureTask.run(FutureTask.java:266)
	at org.apache.tomcat.util.threads.InlineExecutorService.execute(InlineExecutorService.java:82)
	at java.util.concurrent.AbstractExecutorService.submit(AbstractExecutorService.java:134)
	at org.apache.catalina.core.ContainerBase.startInternal(ContainerBase.java:747)
	at org.apache.catalina.core.StandardEngine.startInternal(StandardEngine.java:209)
	at org.apache.catalina.util.LifecycleBase.start(LifecycleBase.java:164)
	at org.apache.catalina.core.StandardService.startInternal(StandardService.java:410)
	at org.apache.catalina.util.LifecycleBase.start(LifecycleBase.java:164)
	at org.apache.catalina.core.StandardServer.startInternal(StandardServer.java:872)
	at org.apache.catalina.util.LifecycleBase.start(LifecycleBase.java:164)
	at org.apache.catalina.startup.Catalina.start(Catalina.java:736)
	at sun.reflect.NativeMethodAccessorImpl.invoke0(Native Method)
	at sun.reflect.NativeMethodAccessorImpl.invoke(NativeMethodAccessorImpl.java:62)
	at sun.reflect.DelegatingMethodAccessorImpl.invoke(DelegatingMethodAccessorImpl.java:43)
	at java.lang.reflect.Method.invoke(Method.java:498)
	at org.apache.catalina.startup.Bootstrap.start(Bootstrap.java:342)
	at org.apache.catalina.startup.Bootstrap.main(Bootstrap.java:473)
Related cause:
org.springframework.beans.factory.UnsatisfiedDependencyException: Error creating bean with name 'webSocket' defined in file [C:\Users\HP\eclipse-workspace\.metadata\.plugins\org.eclipse.wst.server.core\tmp0\wtpwebapps\FingerprintDeviceDemo\WEB-INF\classes\spring-mybatis.xml]: Unsatisfied dependency expressed through constructor argument with index 0 of type [java.net.InetSocketAddress]: Ambiguous constructor argument types - did you specify the correct bean references as constructor arguments?
	at org.springframework.beans.factory.support.ConstructorResolver.createArgumentArray(ConstructorResolver.java:727)
	at org.springframework.beans.factory.support.ConstructorResolver.autowireConstructor(ConstructorResolver.java:185)
	at org.springframework.beans.factory.support.AbstractAutowireCapableBeanFactory.autowireConstructor(AbstractAutowireCapableBeanFactory.java:1114)
	at org.springframework.beans.factory.support.AbstractAutowireCapableBeanFactory.createBeanInstance(AbstractAutowireCapableBeanFactory.java:1017)
	at org.springframework.beans.factory.support.AbstractAutowireCapableBeanFactory.doCreateBean(AbstractAutowireCapableBeanFactory.java:504)
	at org.springframework.beans.factory.support.AbstractAutowireCapableBeanFactory.createBean(AbstractAutowireCapableBeanFactory.java:475)
	at org.springframework.beans.factory.support.AbstractBeanFactory$1.getObject(AbstractBeanFactory.java:304)
	at org.springframework.beans.factory.support.DefaultSingletonBeanRegistry.getSingleton(DefaultSingletonBeanRegistry.java:228)
	at org.springframework.beans.factory.support.AbstractBeanFactory.doGetBean(AbstractBeanFactory.java:300)
	at org.springframework.beans.factory.support.AbstractBeanFactory.getBean(AbstractBeanFactory.java:195)
	at org.springframework.beans.factory.support.DefaultListableBeanFactory.preInstantiateSingletons(DefaultListableBeanFactory.java:700)
	at org.springframework.context.support.AbstractApplicationContext.finishBeanFactoryInitialization(AbstractApplicationContext.java:760)
	at org.springframework.context.support.AbstractApplicationContext.refresh(AbstractApplicationContext.java:482)
	at org.springframework.web.context.ContextLoader.configureAndRefreshWebApplicationContext(ContextLoader.java:403)
	at org.springframework.web.context.ContextLoader.initWebApplicationContext(ContextLoader.java:306)
	at org.springframework.web.context.ContextLoaderListener.contextInitialized(ContextLoaderListener.java:106)
	at org.apache.catalina.core.StandardContext.listenerStart(StandardContext.java:4047)
	at org.apache.catalina.core.StandardContext.startInternal(StandardContext.java:4489)
	at org.apache.catalina.util.LifecycleBase.start(LifecycleBase.java:164)
	at org.apache.catalina.core.ContainerBase$StartChild.call(ContainerBase.java:1201)
	at org.apache.catalina.core.ContainerBase$StartChild.call(ContainerBase.java:1191)
	at java.util.concurrent.FutureTask.run(FutureTask.java:266)
	at org.apache.tomcat.util.threads.InlineExecutorService.execute(InlineExecutorService.java:82)
	at java.util.concurrent.AbstractExecutorService.submit(AbstractExecutorService.java:134)
	at org.apache.catalina.core.ContainerBase.startInternal(ContainerBase.java:747)
	at org.apache.catalina.core.StandardHost.startInternal(StandardHost.java:726)
	at org.apache.catalina.util.LifecycleBase.start(LifecycleBase.java:164)
	at org.apache.catalina.core.ContainerBase$StartChild.call(ContainerBase.java:1201)
	at org.apache.catalina.core.ContainerBase$StartChild.call(ContainerBase.java:1191)
	at java.util.concurrent.FutureTask.run(FutureTask.java:266)
	at org.apache.tomcat.util.threads.InlineExecutorService.execute(InlineExecutorService.java:82)
	at java.util.concurrent.AbstractExecutorService.submit(AbstractExecutorService.java:134)
	at org.apache.catalina.core.ContainerBase.startInternal(ContainerBase.java:747)
	at org.apache.catalina.core.StandardEngine.startInternal(StandardEngine.java:209)
	at org.apache.catalina.util.LifecycleBase.start(LifecycleBase.java:164)
	at org.apache.catalina.core.StandardService.startInternal(StandardService.java:410)
	at org.apache.catalina.util.LifecycleBase.start(LifecycleBase.java:164)
	at org.apache.catalina.core.StandardServer.startInternal(StandardServer.java:872)
	at org.apache.catalina.util.LifecycleBase.start(LifecycleBase.java:164)
	at org.apache.catalina.startup.Catalina.start(Catalina.java:736)
	at sun.reflect.NativeMethodAccessorImpl.invoke0(Native Method)
	at sun.reflect.NativeMethodAccessorImpl.invoke(NativeMethodAccessorImpl.java:62)
	at sun.reflect.DelegatingMethodAccessorImpl.invoke(DelegatingMethodAccessorImpl.java:43)
	at java.lang.reflect.Method.invoke(Method.java:498)
	at org.apache.catalina.startup.Bootstrap.start(Bootstrap.java:342)
	at org.apache.catalina.startup.Bootstrap.main(Bootstrap.java:473)
[INFO] [2026-02-26 07:33:09][org.springframework.web.context.ContextLoader]Root WebApplicationContext: initialization started
[INFO] [2026-02-26 07:33:10][org.springframework.web.context.support.XmlWebApplicationContext]Refreshing Root WebApplicationContext: startup date [Thu Feb 26 07:33:10 IST 2026]; root of context hierarchy
[INFO] [2026-02-26 07:33:10][org.springframework.beans.factory.xml.XmlBeanDefinitionReader]Loading XML bean definitions from file [C:\Users\HP\eclipse-workspace\.metadata\.plugins\org.eclipse.wst.server.core\tmp0\wtpwebapps\FingerprintDeviceDemo\WEB-INF\classes\spring-mybatis.xml]
[INFO] [2026-02-26 07:33:11][org.springframework.beans.factory.xml.XmlBeanDefinitionReader]Loading XML bean definitions from URL [jar:file:/C:/Users/HP/eclipse-workspace/.metadata/.plugins/org.eclipse.wst.server.core/tmp0/wtpwebapps/FingerprintDeviceDemo/WEB-INF/lib/FingerprintDeviceDemo-app.jar!/spring-mybatis.xml]
[INFO] [2026-02-26 07:33:11][org.springframework.beans.factory.support.DefaultListableBeanFactory]Overriding bean definition for bean 'propertyConfigurer': replacing [Generic bean: class [org.springframework.beans.factory.config.PropertyPlaceholderConfigurer]; scope=; abstract=false; lazyInit=false; autowireMode=0; dependencyCheck=0; autowireCandidate=true; primary=false; factoryBeanName=null; factoryMethodName=null; initMethodName=null; destroyMethodName=null; defined in file [C:\Users\HP\eclipse-workspace\.metadata\.plugins\org.eclipse.wst.server.core\tmp0\wtpwebapps\FingerprintDeviceDemo\WEB-INF\classes\spring-mybatis.xml]] with [Generic bean: class [org.springframework.beans.factory.config.PropertyPlaceholderConfigurer]; scope=; abstract=false; lazyInit=false; autowireMode=0; dependencyCheck=0; autowireCandidate=true; primary=false; factoryBeanName=null; factoryMethodName=null; initMethodName=null; destroyMethodName=null; defined in URL [jar:file:/C:/Users/HP/eclipse-workspace/.metadata/.plugins/org.eclipse.wst.server.core/tmp0/wtpwebapps/FingerprintDeviceDemo/WEB-INF/lib/FingerprintDeviceDemo-app.jar!/spring-mybatis.xml]]
[INFO] [2026-02-26 07:33:11][org.springframework.beans.factory.support.DefaultListableBeanFactory]Overriding bean definition for bean 'dataSource': replacing [Generic bean: class [org.apache.commons.dbcp.BasicDataSource]; scope=; abstract=false; lazyInit=false; autowireMode=0; dependencyCheck=0; autowireCandidate=true; primary=false; factoryBeanName=null; factoryMethodName=null; initMethodName=null; destroyMethodName=close; defined in file [C:\Users\HP\eclipse-workspace\.metadata\.plugins\org.eclipse.wst.server.core\tmp0\wtpwebapps\FingerprintDeviceDemo\WEB-INF\classes\spring-mybatis.xml]] with [Generic bean: class [org.apache.commons.dbcp.BasicDataSource]; scope=; abstract=false; lazyInit=false; autowireMode=0; dependencyCheck=0; autowireCandidate=true; primary=false; factoryBeanName=null; factoryMethodName=null; initMethodName=null; destroyMethodName=close; defined in URL [jar:file:/C:/Users/HP/eclipse-workspace/.metadata/.plugins/org.eclipse.wst.server.core/tmp0/wtpwebapps/FingerprintDeviceDemo/WEB-INF/lib/FingerprintDeviceDemo-app.jar!/spring-mybatis.xml]]
[INFO] [2026-02-26 07:33:11][org.springframework.beans.factory.support.DefaultListableBeanFactory]Overriding bean definition for bean 'sqlSessionFactory': replacing [Generic bean: class [org.mybatis.spring.SqlSessionFactoryBean]; scope=; abstract=false; lazyInit=false; autowireMode=0; dependencyCheck=0; autowireCandidate=true; primary=false; factoryBeanName=null; factoryMethodName=null; initMethodName=null; destroyMethodName=null; defined in file [C:\Users\HP\eclipse-workspace\.metadata\.plugins\org.eclipse.wst.server.core\tmp0\wtpwebapps\FingerprintDeviceDemo\WEB-INF\classes\spring-mybatis.xml]] with [Generic bean: class [org.mybatis.spring.SqlSessionFactoryBean]; scope=; abstract=false; lazyInit=false; autowireMode=0; dependencyCheck=0; autowireCandidate=true; primary=false; factoryBeanName=null; factoryMethodName=null; initMethodName=null; destroyMethodName=null; defined in URL [jar:file:/C:/Users/HP/eclipse-workspace/.metadata/.plugins/org.eclipse.wst.server.core/tmp0/wtpwebapps/FingerprintDeviceDemo/WEB-INF/lib/FingerprintDeviceDemo-app.jar!/spring-mybatis.xml]]
[INFO] [2026-02-26 07:33:11][org.springframework.beans.factory.support.DefaultListableBeanFactory]Overriding bean definition for bean 'transactionManager': replacing [Generic bean: class [org.springframework.jdbc.datasource.DataSourceTransactionManager]; scope=; abstract=false; lazyInit=false; autowireMode=0; dependencyCheck=0; autowireCandidate=true; primary=false; factoryBeanName=null; factoryMethodName=null; initMethodName=null; destroyMethodName=null; defined in file [C:\Users\HP\eclipse-workspace\.metadata\.plugins\org.eclipse.wst.server.core\tmp0\wtpwebapps\FingerprintDeviceDemo\WEB-INF\classes\spring-mybatis.xml]] with [Generic bean: class [org.springframework.jdbc.datasource.DataSourceTransactionManager]; scope=; abstract=false; lazyInit=false; autowireMode=0; dependencyCheck=0; autowireCandidate=true; primary=false; factoryBeanName=null; factoryMethodName=null; initMethodName=null; destroyMethodName=null; defined in URL [jar:file:/C:/Users/HP/eclipse-workspace/.metadata/.plugins/org.eclipse.wst.server.core/tmp0/wtpwebapps/FingerprintDeviceDemo/WEB-INF/lib/FingerprintDeviceDemo-app.jar!/spring-mybatis.xml]]
[INFO] [2026-02-26 07:33:11][org.springframework.beans.factory.support.DefaultListableBeanFactory]Overriding bean definition for bean 'webSocket': replacing [Generic bean: class [com.timmy.websocket.WSServer]; scope=; abstract=false; lazyInit=false; autowireMode=0; dependencyCheck=0; autowireCandidate=true; primary=false; factoryBeanName=null; factoryMethodName=null; initMethodName=null; destroyMethodName=null; defined in file [C:\Users\HP\eclipse-workspace\.metadata\.plugins\org.eclipse.wst.server.core\tmp0\wtpwebapps\FingerprintDeviceDemo\WEB-INF\classes\spring-mybatis.xml]] with [Generic bean: class [com.timmy.websocket.WSServer]; scope=; abstract=false; lazyInit=false; autowireMode=0; dependencyCheck=0; autowireCandidate=true; primary=false; factoryBeanName=null; factoryMethodName=null; initMethodName=null; destroyMethodName=null; defined in URL [jar:file:/C:/Users/HP/eclipse-workspace/.metadata/.plugins/org.eclipse.wst.server.core/tmp0/wtpwebapps/FingerprintDeviceDemo/WEB-INF/lib/FingerprintDeviceDemo-app.jar!/spring-mybatis.xml]]
[INFO] [2026-02-26 07:33:11][org.springframework.beans.factory.support.DefaultListableBeanFactory]Overriding bean definition for bean 'sendOrderJob': replacing [Generic bean: class [com.timmy.job.SendOrderJob]; scope=; abstract=false; lazyInit=false; autowireMode=0; dependencyCheck=0; autowireCandidate=true; primary=false; factoryBeanName=null; factoryMethodName=null; initMethodName=null; destroyMethodName=null; defined in file [C:\Users\HP\eclipse-workspace\.metadata\.plugins\org.eclipse.wst.server.core\tmp0\wtpwebapps\FingerprintDeviceDemo\WEB-INF\classes\spring-mybatis.xml]] with [Generic bean: class [com.timmy.job.SendOrderJob]; scope=; abstract=false; lazyInit=false; autowireMode=0; dependencyCheck=0; autowireCandidate=true; primary=false; factoryBeanName=null; factoryMethodName=null; initMethodName=null; destroyMethodName=null; defined in URL [jar:file:/C:/Users/HP/eclipse-workspace/.metadata/.plugins/org.eclipse.wst.server.core/tmp0/wtpwebapps/FingerprintDeviceDemo/WEB-INF/lib/FingerprintDeviceDemo-app.jar!/spring-mybatis.xml]]
[INFO] [2026-02-26 07:33:11][org.springframework.beans.factory.support.DefaultListableBeanFactory]Overriding bean definition for bean 'webSocketPool': replacing [Generic bean: class [com.timmy.websocket.WebSocketPool]; scope=; abstract=false; lazyInit=false; autowireMode=0; dependencyCheck=0; autowireCandidate=true; primary=false; factoryBeanName=null; factoryMethodName=null; initMethodName=null; destroyMethodName=null; defined in file [C:\Users\HP\eclipse-workspace\.metadata\.plugins\org.eclipse.wst.server.core\tmp0\wtpwebapps\FingerprintDeviceDemo\WEB-INF\classes\spring-mybatis.xml]] with [Generic bean: class [com.timmy.websocket.WebSocketPool]; scope=; abstract=false; lazyInit=false; autowireMode=0; dependencyCheck=0; autowireCandidate=true; primary=false; factoryBeanName=null; factoryMethodName=null; initMethodName=null; destroyMethodName=null; defined in URL [jar:file:/C:/Users/HP/eclipse-workspace/.metadata/.plugins/org.eclipse.wst.server.core/tmp0/wtpwebapps/FingerprintDeviceDemo/WEB-INF/lib/FingerprintDeviceDemo-app.jar!/spring-mybatis.xml]]
[ERROR] [2026-02-26 07:33:11][org.springframework.web.context.ContextLoader]Context initialization failed
org.springframework.beans.factory.parsing.BeanDefinitionParsingException: Configuration problem: Only one AsyncAnnotationBeanPostProcessor may exist within the context.
Offending resource: URL [jar:file:/C:/Users/HP/eclipse-workspace/.metadata/.plugins/org.eclipse.wst.server.core/tmp0/wtpwebapps/FingerprintDeviceDemo/WEB-INF/lib/FingerprintDeviceDemo-app.jar!/spring-mybatis.xml]
	at org.springframework.beans.factory.parsing.FailFastProblemReporter.error(FailFastProblemReporter.java:70)
	at org.springframework.beans.factory.parsing.ReaderContext.error(ReaderContext.java:85)
	at org.springframework.beans.factory.parsing.ReaderContext.error(ReaderContext.java:72)
	at org.springframework.scheduling.config.AnnotationDrivenBeanDefinitionParser.parse(AnnotationDrivenBeanDefinitionParser.java:91)
	at org.springframework.beans.factory.xml.NamespaceHandlerSupport.parse(NamespaceHandlerSupport.java:74)
	at org.springframework.beans.factory.xml.BeanDefinitionParserDelegate.parseCustomElement(BeanDefinitionParserDelegate.java:1424)
	at org.springframework.beans.factory.xml.BeanDefinitionParserDelegate.parseCustomElement(BeanDefinitionParserDelegate.java:1414)
	at org.springframework.beans.factory.xml.DefaultBeanDefinitionDocumentReader.parseBeanDefinitions(DefaultBeanDefinitionDocumentReader.java:187)
	at org.springframework.beans.factory.xml.DefaultBeanDefinitionDocumentReader.doRegisterBeanDefinitions(DefaultBeanDefinitionDocumentReader.java:141)
	at org.springframework.beans.factory.xml.DefaultBeanDefinitionDocumentReader.registerBeanDefinitions(DefaultBeanDefinitionDocumentReader.java:110)
	at org.springframework.beans.factory.xml.XmlBeanDefinitionReader.registerBeanDefinitions(XmlBeanDefinitionReader.java:508)
	at org.springframework.beans.factory.xml.XmlBeanDefinitionReader.doLoadBeanDefinitions(XmlBeanDefinitionReader.java:391)
	at org.springframework.beans.factory.xml.XmlBeanDefinitionReader.loadBeanDefinitions(XmlBeanDefinitionReader.java:335)
	at org.springframework.beans.factory.xml.XmlBeanDefinitionReader.loadBeanDefinitions(XmlBeanDefinitionReader.java:303)
	at org.springframework.beans.factory.support.AbstractBeanDefinitionReader.loadBeanDefinitions(AbstractBeanDefinitionReader.java:180)
	at org.springframework.beans.factory.support.AbstractBeanDefinitionReader.loadBeanDefinitions(AbstractBeanDefinitionReader.java:216)
	at org.springframework.beans.factory.support.AbstractBeanDefinitionReader.loadBeanDefinitions(AbstractBeanDefinitionReader.java:187)
	at org.springframework.web.context.support.XmlWebApplicationContext.loadBeanDefinitions(XmlWebApplicationContext.java:125)
	at org.springframework.web.context.support.XmlWebApplicationContext.loadBeanDefinitions(XmlWebApplicationContext.java:94)
	at org.springframework.context.support.AbstractRefreshableApplicationContext.refreshBeanFactory(AbstractRefreshableApplicationContext.java:129)
	at org.springframework.context.support.AbstractApplicationContext.obtainFreshBeanFactory(AbstractApplicationContext.java:540)
	at org.springframework.context.support.AbstractApplicationContext.refresh(AbstractApplicationContext.java:454)
	at org.springframework.web.context.ContextLoader.configureAndRefreshWebApplicationContext(ContextLoader.java:403)
	at org.springframework.web.context.ContextLoader.initWebApplicationContext(ContextLoader.java:306)
	at org.springframework.web.context.ContextLoaderListener.contextInitialized(ContextLoaderListener.java:106)
	at org.apache.catalina.core.StandardContext.listenerStart(StandardContext.java:4047)
	at org.apache.catalina.core.StandardContext.startInternal(StandardContext.java:4489)
	at org.apache.catalina.util.LifecycleBase.start(LifecycleBase.java:164)
	at org.apache.catalina.core.ContainerBase$StartChild.call(ContainerBase.java:1201)
	at org.apache.catalina.core.ContainerBase$StartChild.call(ContainerBase.java:1191)
	at java.util.concurrent.FutureTask.run(FutureTask.java:266)
	at org.apache.tomcat.util.threads.InlineExecutorService.execute(InlineExecutorService.java:82)
	at java.util.concurrent.AbstractExecutorService.submit(AbstractExecutorService.java:134)
	at org.apache.catalina.core.ContainerBase.startInternal(ContainerBase.java:747)
	at org.apache.catalina.core.StandardHost.startInternal(StandardHost.java:726)
	at org.apache.catalina.util.LifecycleBase.start(LifecycleBase.java:164)
	at org.apache.catalina.core.ContainerBase$StartChild.call(ContainerBase.java:1201)
	at org.apache.catalina.core.ContainerBase$StartChild.call(ContainerBase.java:1191)
	at java.util.concurrent.FutureTask.run(FutureTask.java:266)
	at org.apache.tomcat.util.threads.InlineExecutorService.execute(InlineExecutorService.java:82)
	at java.util.concurrent.AbstractExecutorService.submit(AbstractExecutorService.java:134)
	at org.apache.catalina.core.ContainerBase.startInternal(ContainerBase.java:747)
	at org.apache.catalina.core.StandardEngine.startInternal(StandardEngine.java:209)
	at org.apache.catalina.util.LifecycleBase.start(LifecycleBase.java:164)
	at org.apache.catalina.core.StandardService.startInternal(StandardService.java:410)
	at org.apache.catalina.util.LifecycleBase.start(LifecycleBase.java:164)
	at org.apache.catalina.core.StandardServer.startInternal(StandardServer.java:872)
	at org.apache.catalina.util.LifecycleBase.start(LifecycleBase.java:164)
	at org.apache.catalina.startup.Catalina.start(Catalina.java:736)
	at sun.reflect.NativeMethodAccessorImpl.invoke0(Native Method)
	at sun.reflect.NativeMethodAccessorImpl.invoke(NativeMethodAccessorImpl.java:62)
	at sun.reflect.DelegatingMethodAccessorImpl.invoke(DelegatingMethodAccessorImpl.java:43)
	at java.lang.reflect.Method.invoke(Method.java:498)
	at org.apache.catalina.startup.Bootstrap.start(Bootstrap.java:342)
	at org.apache.catalina.startup.Bootstrap.main(Bootstrap.java:473)
[INFO] [2026-02-26 07:33:11][org.springframework.web.context.support.XmlWebApplicationContext]Closing Root WebApplicationContext: startup date [Thu Feb 26 07:33:10 IST 2026]; root of context hierarchy
[WARN] [2026-02-26 07:33:11][org.springframework.web.context.support.XmlWebApplicationContext]Exception thrown from ApplicationListener handling ContextClosedEvent
java.lang.IllegalStateException: ApplicationEventMulticaster not initialized - call 'refresh' before multicasting events via the context: Root WebApplicationContext: startup date [Thu Feb 26 07:33:10 IST 2026]; root of context hierarchy
	at org.springframework.context.support.AbstractApplicationContext.getApplicationEventMulticaster(AbstractApplicationContext.java:346)
	at org.springframework.context.support.AbstractApplicationContext.publishEvent(AbstractApplicationContext.java:333)
	at org.springframework.context.support.AbstractApplicationContext.doClose(AbstractApplicationContext.java:880)
	at org.springframework.context.support.AbstractApplicationContext.close(AbstractApplicationContext.java:841)
	at org.springframework.web.context.ContextLoader.closeWebApplicationContext(ContextLoader.java:579)
	at org.springframework.web.context.ContextLoaderListener.contextDestroyed(ContextLoaderListener.java:115)
	at org.apache.catalina.core.StandardContext.listenerStop(StandardContext.java:4093)
	at org.apache.catalina.core.StandardContext.stopInternal(StandardContext.java:4715)
	at org.apache.catalina.util.LifecycleBase.stop(LifecycleBase.java:235)
	at org.apache.catalina.util.LifecycleBase.start(LifecycleBase.java:168)
	at org.apache.catalina.core.ContainerBase$StartChild.call(ContainerBase.java:1201)
	at org.apache.catalina.core.ContainerBase$StartChild.call(ContainerBase.java:1191)
	at java.util.concurrent.FutureTask.run(FutureTask.java:266)
	at org.apache.tomcat.util.threads.InlineExecutorService.execute(InlineExecutorService.java:82)
	at java.util.concurrent.AbstractExecutorService.submit(AbstractExecutorService.java:134)
	at org.apache.catalina.core.ContainerBase.startInternal(ContainerBase.java:747)
	at org.apache.catalina.core.StandardHost.startInternal(StandardHost.java:726)
	at org.apache.catalina.util.LifecycleBase.start(LifecycleBase.java:164)
	at org.apache.catalina.core.ContainerBase$StartChild.call(ContainerBase.java:1201)
	at org.apache.catalina.core.ContainerBase$StartChild.call(ContainerBase.java:1191)
	at java.util.concurrent.FutureTask.run(FutureTask.java:266)
	at org.apache.tomcat.util.threads.InlineExecutorService.execute(InlineExecutorService.java:82)
	at java.util.concurrent.AbstractExecutorService.submit(AbstractExecutorService.java:134)
	at org.apache.catalina.core.ContainerBase.startInternal(ContainerBase.java:747)
	at org.apache.catalina.core.StandardEngine.startInternal(StandardEngine.java:209)
	at org.apache.catalina.util.LifecycleBase.start(LifecycleBase.java:164)
	at org.apache.catalina.core.StandardService.startInternal(StandardService.java:410)
	at org.apache.catalina.util.LifecycleBase.start(LifecycleBase.java:164)
	at org.apache.catalina.core.StandardServer.startInternal(StandardServer.java:872)
	at org.apache.catalina.util.LifecycleBase.start(LifecycleBase.java:164)
	at org.apache.catalina.startup.Catalina.start(Catalina.java:736)
	at sun.reflect.NativeMethodAccessorImpl.invoke0(Native Method)
	at sun.reflect.NativeMethodAccessorImpl.invoke(NativeMethodAccessorImpl.java:62)
	at sun.reflect.DelegatingMethodAccessorImpl.invoke(DelegatingMethodAccessorImpl.java:43)
	at java.lang.reflect.Method.invoke(Method.java:498)
	at org.apache.catalina.startup.Bootstrap.start(Bootstrap.java:342)
	at org.apache.catalina.startup.Bootstrap.main(Bootstrap.java:473)
[WARN] [2026-02-26 07:33:11][org.springframework.web.context.support.XmlWebApplicationContext]Exception thrown from LifecycleProcessor on context close
java.lang.IllegalStateException: LifecycleProcessor not initialized - call 'refresh' before invoking lifecycle methods via the context: Root WebApplicationContext: startup date [Thu Feb 26 07:33:10 IST 2026]; root of context hierarchy
	at org.springframework.context.support.AbstractApplicationContext.getLifecycleProcessor(AbstractApplicationContext.java:359)
	at org.springframework.context.support.AbstractApplicationContext.doClose(AbstractApplicationContext.java:888)
	at org.springframework.context.support.AbstractApplicationContext.close(AbstractApplicationContext.java:841)
	at org.springframework.web.context.ContextLoader.closeWebApplicationContext(ContextLoader.java:579)
	at org.springframework.web.context.ContextLoaderListener.contextDestroyed(ContextLoaderListener.java:115)
	at org.apache.catalina.core.StandardContext.listenerStop(StandardContext.java:4093)
	at org.apache.catalina.core.StandardContext.stopInternal(StandardContext.java:4715)
	at org.apache.catalina.util.LifecycleBase.stop(LifecycleBase.java:235)
	at org.apache.catalina.util.LifecycleBase.start(LifecycleBase.java:168)
	at org.apache.catalina.core.ContainerBase$StartChild.call(ContainerBase.java:1201)
	at org.apache.catalina.core.ContainerBase$StartChild.call(ContainerBase.java:1191)
	at java.util.concurrent.FutureTask.run(FutureTask.java:266)
	at org.apache.tomcat.util.threads.InlineExecutorService.execute(InlineExecutorService.java:82)
	at java.util.concurrent.AbstractExecutorService.submit(AbstractExecutorService.java:134)
	at org.apache.catalina.core.ContainerBase.startInternal(ContainerBase.java:747)
	at org.apache.catalina.core.StandardHost.startInternal(StandardHost.java:726)
	at org.apache.catalina.util.LifecycleBase.start(LifecycleBase.java:164)
	at org.apache.catalina.core.ContainerBase$StartChild.call(ContainerBase.java:1201)
	at org.apache.catalina.core.ContainerBase$StartChild.call(ContainerBase.java:1191)
	at java.util.concurrent.FutureTask.run(FutureTask.java:266)
	at org.apache.tomcat.util.threads.InlineExecutorService.execute(InlineExecutorService.java:82)
	at java.util.concurrent.AbstractExecutorService.submit(AbstractExecutorService.java:134)
	at org.apache.catalina.core.ContainerBase.startInternal(ContainerBase.java:747)
	at org.apache.catalina.core.StandardEngine.startInternal(StandardEngine.java:209)
	at org.apache.catalina.util.LifecycleBase.start(LifecycleBase.java:164)
	at org.apache.catalina.core.StandardService.startInternal(StandardService.java:410)
	at org.apache.catalina.util.LifecycleBase.start(LifecycleBase.java:164)
	at org.apache.catalina.core.StandardServer.startInternal(StandardServer.java:872)
	at org.apache.catalina.util.LifecycleBase.start(LifecycleBase.java:164)
	at org.apache.catalina.startup.Catalina.start(Catalina.java:736)
	at sun.reflect.NativeMethodAccessorImpl.invoke0(Native Method)
	at sun.reflect.NativeMethodAccessorImpl.invoke(NativeMethodAccessorImpl.java:62)
	at sun.reflect.DelegatingMethodAccessorImpl.invoke(DelegatingMethodAccessorImpl.java:43)
	at java.lang.reflect.Method.invoke(Method.java:498)
	at org.apache.catalina.startup.Bootstrap.start(Bootstrap.java:342)
	at org.apache.catalina.startup.Bootstrap.main(Bootstrap.java:473)
