05-Apr-2026 18:46:09.370 INFO [main] org.apache.catalina.startup.VersionLoggerListener.log Server version name:   Apache Tomcat/9.0.115
05-Apr-2026 18:46:09.382 INFO [main] org.apache.catalina.startup.VersionLoggerListener.log Server built:          Jan 21 2026 08:17:26 UTC
05-Apr-2026 18:46:09.382 INFO [main] org.apache.catalina.startup.VersionLoggerListener.log Server version number: 9.0.115.0
05-Apr-2026 18:46:09.382 INFO [main] org.apache.catalina.startup.VersionLoggerListener.log OS Name:               Windows 11
05-Apr-2026 18:46:09.383 INFO [main] org.apache.catalina.startup.VersionLoggerListener.log OS Version:            10.0
05-Apr-2026 18:46:09.383 INFO [main] org.apache.catalina.startup.VersionLoggerListener.log Architecture:          amd64
05-Apr-2026 18:46:09.383 INFO [main] org.apache.catalina.startup.VersionLoggerListener.log Java Home:             C:\Program Files\Eclipse Adoptium\jdk-8.0.482.8-hotspot\jre
05-Apr-2026 18:46:09.383 INFO [main] org.apache.catalina.startup.VersionLoggerListener.log JVM Version:           1.8.0_482-b08
05-Apr-2026 18:46:09.383 INFO [main] org.apache.catalina.startup.VersionLoggerListener.log JVM Vendor:            Temurin
05-Apr-2026 18:46:09.383 INFO [main] org.apache.catalina.startup.VersionLoggerListener.log CATALINA_BASE:         D:\housys\newwork\JAVA_2512\JAVA_2512\demo\target\demo-live-current
05-Apr-2026 18:46:09.383 INFO [main] org.apache.catalina.startup.VersionLoggerListener.log CATALINA_HOME:         D:\housys\newwork\JAVA_2512\JAVA_2512\demo\target\demo-live-current
05-Apr-2026 18:46:09.388 INFO [main] org.apache.catalina.startup.VersionLoggerListener.log Command line argument: -Djava.util.logging.config.file=d:\housys\newwork\JAVA_2512\JAVA_2512\demo\target\demo-live-current\conf\logging.properties
05-Apr-2026 18:46:09.388 INFO [main] org.apache.catalina.startup.VersionLoggerListener.log Command line argument: -Djava.util.logging.manager=org.apache.juli.ClassLoaderLogManager
05-Apr-2026 18:46:09.388 INFO [main] org.apache.catalina.startup.VersionLoggerListener.log Command line argument: -Djava.library.path=d:\housys\newwork\JAVA_2512\JAVA_2512\demo\target\demo-live-current\bin
05-Apr-2026 18:46:09.388 INFO [main] org.apache.catalina.startup.VersionLoggerListener.log Command line argument: -Dsqlserver.auth.dll.path=d:\housys\newwork\JAVA_2512\JAVA_2512\demo\target\demo-live-current\bin\mssql-jdbc_auth-13.2.1.x64.dll
05-Apr-2026 18:46:09.388 INFO [main] org.apache.catalina.startup.VersionLoggerListener.log Command line argument: -Djdk.tls.ephemeralDHKeySize=2048
05-Apr-2026 18:46:09.388 INFO [main] org.apache.catalina.startup.VersionLoggerListener.log Command line argument: -Djava.protocol.handler.pkgs=org.apache.catalina.webresources
05-Apr-2026 18:46:09.388 INFO [main] org.apache.catalina.startup.VersionLoggerListener.log Command line argument: -Dsun.io.useCanonCaches=false
05-Apr-2026 18:46:09.388 INFO [main] org.apache.catalina.startup.VersionLoggerListener.log Command line argument: -Djava.library.path=d:\housys\newwork\JAVA_2512\JAVA_2512\demo\target\demo-live-current\bin
05-Apr-2026 18:46:09.390 INFO [main] org.apache.catalina.startup.VersionLoggerListener.log Command line argument: -Dsqlserver.auth.dll.path=d:\housys\newwork\JAVA_2512\JAVA_2512\demo\target\demo-live-current\bin\mssql-jdbc_auth-13.2.1.x64.dll
05-Apr-2026 18:46:09.390 INFO [main] org.apache.catalina.startup.VersionLoggerListener.log Command line argument: -Dignore.endorsed.dirs=
05-Apr-2026 18:46:09.390 INFO [main] org.apache.catalina.startup.VersionLoggerListener.log Command line argument: -Dcatalina.base=d:\housys\newwork\JAVA_2512\JAVA_2512\demo\target\demo-live-current
05-Apr-2026 18:46:09.390 INFO [main] org.apache.catalina.startup.VersionLoggerListener.log Command line argument: -Dcatalina.home=d:\housys\newwork\JAVA_2512\JAVA_2512\demo\target\demo-live-current
05-Apr-2026 18:46:09.390 INFO [main] org.apache.catalina.startup.VersionLoggerListener.log Command line argument: -Djava.io.tmpdir=d:\housys\newwork\JAVA_2512\JAVA_2512\demo\target\demo-live-current\temp
05-Apr-2026 18:46:09.443 INFO [main] org.apache.catalina.core.AprLifecycleListener.lifecycleEvent Loaded Apache Tomcat Native library [1.3.5] using APR version [1.7.6].
05-Apr-2026 18:46:09.444 INFO [main] org.apache.catalina.core.AprLifecycleListener.lifecycleEvent APR capabilities: IPv6 [true], sendfile [true], accept filters [false], random [true], UDS [true].
05-Apr-2026 18:46:09.444 INFO [main] org.apache.catalina.core.AprLifecycleListener.lifecycleEvent APR/OpenSSL configuration: useAprConnector [false], useOpenSSL [true]
05-Apr-2026 18:46:09.463 INFO [main] org.apache.catalina.core.AprLifecycleListener.initializeSSL OpenSSL successfully initialized [OpenSSL 3.0.18 30 Sep 2025]
05-Apr-2026 18:46:09.914 INFO [main] org.apache.coyote.AbstractProtocol.init Initializing ProtocolHandler ["http-nio-8080"]
05-Apr-2026 18:46:09.936 INFO [main] org.apache.catalina.startup.Catalina.load Server initialization in [845] milliseconds
05-Apr-2026 18:46:09.976 INFO [main] org.apache.catalina.core.StandardService.startInternal Starting service [Catalina]
05-Apr-2026 18:46:09.976 INFO [main] org.apache.catalina.core.StandardEngine.startInternal Starting Servlet engine: [Apache Tomcat/9.0.115]
05-Apr-2026 18:46:09.999 INFO [main] org.apache.catalina.startup.HostConfig.deployWAR Deploying web application archive [D:\housys\newwork\JAVA_2512\JAVA_2512\demo\target\demo-live-current\webapps\demo.war]
05-Apr-2026 18:46:13.737 INFO [main] org.apache.jasper.servlet.TldScanner.scanJars At least one JAR was scanned for TLDs yet contained no TLDs. Enable debug logging for this logger for a complete list of JARs that were scanned but no TLDs were found in them. Skipping unneeded JARs during scanning can improve startup time and JSP compilation time.
05-Apr-2026 18:46:20.391 INFO [main] org.apache.catalina.startup.HostConfig.deployWAR Deployment of web application archive [D:\housys\newwork\JAVA_2512\JAVA_2512\demo\target\demo-live-current\webapps\demo.war] has finished in [10,391] ms
05-Apr-2026 18:46:20.392 INFO [main] org.apache.catalina.startup.HostConfig.deployDirectory Deploying web application directory [D:\housys\newwork\JAVA_2512\JAVA_2512\demo\target\demo-live-current\webapps\docs]
05-Apr-2026 18:46:20.450 INFO [main] org.apache.catalina.startup.HostConfig.deployDirectory Deployment of web application directory [D:\housys\newwork\JAVA_2512\JAVA_2512\demo\target\demo-live-current\webapps\docs] has finished in [58] ms
05-Apr-2026 18:46:20.450 INFO [main] org.apache.catalina.startup.HostConfig.deployDirectory Deploying web application directory [D:\housys\newwork\JAVA_2512\JAVA_2512\demo\target\demo-live-current\webapps\examples]
05-Apr-2026 18:46:21.211 INFO [main] org.apache.catalina.startup.HostConfig.deployDirectory Deployment of web application directory [D:\housys\newwork\JAVA_2512\JAVA_2512\demo\target\demo-live-current\webapps\examples] has finished in [761] ms
05-Apr-2026 18:46:21.211 INFO [main] org.apache.catalina.startup.HostConfig.deployDirectory Deploying web application directory [D:\housys\newwork\JAVA_2512\JAVA_2512\demo\target\demo-live-current\webapps\host-manager]
05-Apr-2026 18:46:21.278 INFO [main] org.apache.catalina.startup.HostConfig.deployDirectory Deployment of web application directory [D:\housys\newwork\JAVA_2512\JAVA_2512\demo\target\demo-live-current\webapps\host-manager] has finished in [66] ms
05-Apr-2026 18:46:21.278 INFO [main] org.apache.catalina.startup.HostConfig.deployDirectory Deploying web application directory [D:\housys\newwork\JAVA_2512\JAVA_2512\demo\target\demo-live-current\webapps\manager]
05-Apr-2026 18:46:21.382 INFO [main] org.apache.catalina.startup.HostConfig.deployDirectory Deployment of web application directory [D:\housys\newwork\JAVA_2512\JAVA_2512\demo\target\demo-live-current\webapps\manager] has finished in [104] ms
05-Apr-2026 18:46:21.384 INFO [main] org.apache.catalina.startup.HostConfig.deployDirectory Deploying web application directory [D:\housys\newwork\JAVA_2512\JAVA_2512\demo\target\demo-live-current\webapps\ROOT]
05-Apr-2026 18:46:21.430 INFO [main] org.apache.catalina.startup.HostConfig.deployDirectory Deployment of web application directory [D:\housys\newwork\JAVA_2512\JAVA_2512\demo\target\demo-live-current\webapps\ROOT] has finished in [44] ms
05-Apr-2026 18:46:21.434 INFO [main] org.apache.coyote.AbstractProtocol.start Starting ProtocolHandler ["http-nio-8080"]
05-Apr-2026 18:46:21.456 INFO [main] org.apache.catalina.startup.Catalina.start Server startup in [11518] milliseconds
05-Apr-2026 18:52:42.508 INFO [main] org.apache.catalina.startup.VersionLoggerListener.log Server version name:   Apache Tomcat/9.0.115
05-Apr-2026 18:52:42.514 INFO [main] org.apache.catalina.startup.VersionLoggerListener.log Server built:          Jan 21 2026 08:17:26 UTC
05-Apr-2026 18:52:42.514 INFO [main] org.apache.catalina.startup.VersionLoggerListener.log Server version number: 9.0.115.0
05-Apr-2026 18:52:42.514 INFO [main] org.apache.catalina.startup.VersionLoggerListener.log OS Name:               Windows 11
05-Apr-2026 18:52:42.514 INFO [main] org.apache.catalina.startup.VersionLoggerListener.log OS Version:            10.0
05-Apr-2026 18:52:42.516 INFO [main] org.apache.catalina.startup.VersionLoggerListener.log Architecture:          amd64
05-Apr-2026 18:52:42.516 INFO [main] org.apache.catalina.startup.VersionLoggerListener.log Java Home:             C:\Program Files\Eclipse Adoptium\jdk-8.0.482.8-hotspot\jre
05-Apr-2026 18:52:42.516 INFO [main] org.apache.catalina.startup.VersionLoggerListener.log JVM Version:           1.8.0_482-b08
05-Apr-2026 18:52:42.516 INFO [main] org.apache.catalina.startup.VersionLoggerListener.log JVM Vendor:            Temurin
05-Apr-2026 18:52:42.516 INFO [main] org.apache.catalina.startup.VersionLoggerListener.log CATALINA_BASE:         D:\housys\newwork\JAVA_2512\JAVA_2512\demo\target\demo-live-current
05-Apr-2026 18:52:42.516 INFO [main] org.apache.catalina.startup.VersionLoggerListener.log CATALINA_HOME:         D:\housys\newwork\JAVA_2512\JAVA_2512\demo\target\demo-live-current
05-Apr-2026 18:52:42.524 INFO [main] org.apache.catalina.startup.VersionLoggerListener.log Command line argument: -Djava.util.logging.config.file=d:\housys\newwork\JAVA_2512\JAVA_2512\demo\target\demo-live-current\conf\logging.properties
05-Apr-2026 18:52:42.524 INFO [main] org.apache.catalina.startup.VersionLoggerListener.log Command line argument: -Djava.util.logging.manager=org.apache.juli.ClassLoaderLogManager
05-Apr-2026 18:52:42.524 INFO [main] org.apache.catalina.startup.VersionLoggerListener.log Command line argument: -Djava.library.path=d:\housys\newwork\JAVA_2512\JAVA_2512\demo\target\demo-live-current\bin
05-Apr-2026 18:52:42.524 INFO [main] org.apache.catalina.startup.VersionLoggerListener.log Command line argument: -Dsqlserver.auth.dll.path=d:\housys\newwork\JAVA_2512\JAVA_2512\demo\target\demo-live-current\bin\mssql-jdbc_auth-13.2.1.x64.dll
05-Apr-2026 18:52:42.524 INFO [main] org.apache.catalina.startup.VersionLoggerListener.log Command line argument: -Djdk.tls.ephemeralDHKeySize=2048
05-Apr-2026 18:52:42.524 INFO [main] org.apache.catalina.startup.VersionLoggerListener.log Command line argument: -Djava.protocol.handler.pkgs=org.apache.catalina.webresources
05-Apr-2026 18:52:42.524 INFO [main] org.apache.catalina.startup.VersionLoggerListener.log Command line argument: -Dsun.io.useCanonCaches=false
05-Apr-2026 18:52:42.524 INFO [main] org.apache.catalina.startup.VersionLoggerListener.log Command line argument: -Djava.library.path=d:\housys\newwork\JAVA_2512\JAVA_2512\demo\target\demo-live-current\bin
05-Apr-2026 18:52:42.524 INFO [main] org.apache.catalina.startup.VersionLoggerListener.log Command line argument: -Dsqlserver.auth.dll.path=d:\housys\newwork\JAVA_2512\JAVA_2512\demo\target\demo-live-current\bin\mssql-jdbc_auth-13.2.1.x64.dll
05-Apr-2026 18:52:42.526 INFO [main] org.apache.catalina.startup.VersionLoggerListener.log Command line argument: -Dignore.endorsed.dirs=
05-Apr-2026 18:52:42.526 INFO [main] org.apache.catalina.startup.VersionLoggerListener.log Command line argument: -Dcatalina.base=d:\housys\newwork\JAVA_2512\JAVA_2512\demo\target\demo-live-current
05-Apr-2026 18:52:42.526 INFO [main] org.apache.catalina.startup.VersionLoggerListener.log Command line argument: -Dcatalina.home=d:\housys\newwork\JAVA_2512\JAVA_2512\demo\target\demo-live-current
05-Apr-2026 18:52:42.526 INFO [main] org.apache.catalina.startup.VersionLoggerListener.log Command line argument: -Djava.io.tmpdir=d:\housys\newwork\JAVA_2512\JAVA_2512\demo\target\demo-live-current\temp
05-Apr-2026 18:52:42.539 INFO [main] org.apache.catalina.core.AprLifecycleListener.lifecycleEvent Loaded Apache Tomcat Native library [1.3.5] using APR version [1.7.6].
05-Apr-2026 18:52:42.539 INFO [main] org.apache.catalina.core.AprLifecycleListener.lifecycleEvent APR capabilities: IPv6 [true], sendfile [true], accept filters [false], random [true], UDS [true].
05-Apr-2026 18:52:42.539 INFO [main] org.apache.catalina.core.AprLifecycleListener.lifecycleEvent APR/OpenSSL configuration: useAprConnector [false], useOpenSSL [true]
05-Apr-2026 18:52:42.559 INFO [main] org.apache.catalina.core.AprLifecycleListener.initializeSSL OpenSSL successfully initialized [OpenSSL 3.0.18 30 Sep 2025]
05-Apr-2026 18:52:43.043 INFO [main] org.apache.coyote.AbstractProtocol.init Initializing ProtocolHandler ["http-nio-8080"]
05-Apr-2026 18:52:43.079 INFO [main] org.apache.catalina.startup.Catalina.load Server initialization in [852] milliseconds
05-Apr-2026 18:52:43.129 INFO [main] org.apache.catalina.core.StandardService.startInternal Starting service [Catalina]
05-Apr-2026 18:52:43.129 INFO [main] org.apache.catalina.core.StandardEngine.startInternal Starting Servlet engine: [Apache Tomcat/9.0.115]
05-Apr-2026 18:52:43.155 INFO [main] org.apache.catalina.startup.HostConfig.deployWAR Deploying web application archive [D:\housys\newwork\JAVA_2512\JAVA_2512\demo\target\demo-live-current\webapps\demo.war]
05-Apr-2026 18:52:47.229 INFO [main] org.apache.jasper.servlet.TldScanner.scanJars At least one JAR was scanned for TLDs yet contained no TLDs. Enable debug logging for this logger for a complete list of JARs that were scanned but no TLDs were found in them. Skipping unneeded JARs during scanning can improve startup time and JSP compilation time.
05-Apr-2026 18:52:54.265 INFO [main] org.apache.catalina.startup.HostConfig.deployWAR Deployment of web application archive [D:\housys\newwork\JAVA_2512\JAVA_2512\demo\target\demo-live-current\webapps\demo.war] has finished in [11,106] ms
05-Apr-2026 18:52:54.265 INFO [main] org.apache.catalina.startup.HostConfig.deployDirectory Deploying web application directory [D:\housys\newwork\JAVA_2512\JAVA_2512\demo\target\demo-live-current\webapps\docs]
05-Apr-2026 18:52:54.344 INFO [main] org.apache.catalina.startup.HostConfig.deployDirectory Deployment of web application directory [D:\housys\newwork\JAVA_2512\JAVA_2512\demo\target\demo-live-current\webapps\docs] has finished in [76] ms
05-Apr-2026 18:52:54.344 INFO [main] org.apache.catalina.startup.HostConfig.deployDirectory Deploying web application directory [D:\housys\newwork\JAVA_2512\JAVA_2512\demo\target\demo-live-current\webapps\examples]
05-Apr-2026 18:52:55.204 INFO [main] org.apache.catalina.startup.HostConfig.deployDirectory Deployment of web application directory [D:\housys\newwork\JAVA_2512\JAVA_2512\demo\target\demo-live-current\webapps\examples] has finished in [860] ms
05-Apr-2026 18:52:55.204 INFO [main] org.apache.catalina.startup.HostConfig.deployDirectory Deploying web application directory [D:\housys\newwork\JAVA_2512\JAVA_2512\demo\target\demo-live-current\webapps\host-manager]
05-Apr-2026 18:52:55.278 INFO [main] org.apache.catalina.startup.HostConfig.deployDirectory Deployment of web application directory [D:\housys\newwork\JAVA_2512\JAVA_2512\demo\target\demo-live-current\webapps\host-manager] has finished in [74] ms
05-Apr-2026 18:52:55.279 INFO [main] org.apache.catalina.startup.HostConfig.deployDirectory Deploying web application directory [D:\housys\newwork\JAVA_2512\JAVA_2512\demo\target\demo-live-current\webapps\manager]
05-Apr-2026 18:52:55.388 INFO [main] org.apache.catalina.startup.HostConfig.deployDirectory Deployment of web application directory [D:\housys\newwork\JAVA_2512\JAVA_2512\demo\target\demo-live-current\webapps\manager] has finished in [109] ms
05-Apr-2026 18:52:55.388 INFO [main] org.apache.catalina.startup.HostConfig.deployDirectory Deploying web application directory [D:\housys\newwork\JAVA_2512\JAVA_2512\demo\target\demo-live-current\webapps\ROOT]
05-Apr-2026 18:52:55.443 INFO [main] org.apache.catalina.startup.HostConfig.deployDirectory Deployment of web application directory [D:\housys\newwork\JAVA_2512\JAVA_2512\demo\target\demo-live-current\webapps\ROOT] has finished in [55] ms
05-Apr-2026 18:52:55.450 INFO [main] org.apache.coyote.AbstractProtocol.start Starting ProtocolHandler ["http-nio-8080"]
05-Apr-2026 18:52:55.470 INFO [main] org.apache.catalina.startup.Catalina.start Server startup in [12392] milliseconds
