08-Apr-2026 19:15:17.953 INFO [main] org.apache.catalina.core.ApplicationContext.log No Spring WebApplicationInitializer types detected on classpath
08-Apr-2026 19:15:18.106 INFO [main] org.apache.catalina.core.ApplicationContext.log Initializing Spring root WebApplicationContext
08-Apr-2026 19:15:21.109 INFO [main] org.apache.catalina.core.ApplicationContext.log Initializing Spring FrameworkServlet 'dispatcher'
08-Apr-2026 19:15:23.099 INFO [main] org.apache.catalina.core.ApplicationContext.log ContextListener: contextInitialized()
08-Apr-2026 19:15:23.099 INFO [main] org.apache.catalina.core.ApplicationContext.log SessionListener: contextInitialized()
08-Apr-2026 19:15:23.102 INFO [main] org.apache.catalina.core.ApplicationContext.log ContextListener: attributeAdded('StockTicker', 'async.Stockticker@39a30d1a')
08-Apr-2026 19:22:00.403 INFO [main] org.apache.catalina.core.ApplicationContext.log No Spring WebApplicationInitializer types detected on classpath
08-Apr-2026 19:22:00.573 INFO [main] org.apache.catalina.core.ApplicationContext.log Initializing Spring root WebApplicationContext
08-Apr-2026 19:22:03.406 INFO [main] org.apache.catalina.core.ApplicationContext.log Initializing Spring FrameworkServlet 'dispatcher'
08-Apr-2026 19:22:05.439 INFO [main] org.apache.catalina.core.ApplicationContext.log ContextListener: contextInitialized()
08-Apr-2026 19:22:05.439 INFO [main] org.apache.catalina.core.ApplicationContext.log SessionListener: contextInitialized()
08-Apr-2026 19:22:05.443 INFO [main] org.apache.catalina.core.ApplicationContext.log ContextListener: attributeAdded('StockTicker', 'async.Stockticker@39a30d1a')
08-Apr-2026 19:31:18.001 INFO [main] org.apache.catalina.core.ApplicationContext.log No Spring WebApplicationInitializer types detected on classpath
08-Apr-2026 19:31:18.208 INFO [main] org.apache.catalina.core.ApplicationContext.log Initializing Spring root WebApplicationContext
08-Apr-2026 19:31:23.915 INFO [main] org.apache.catalina.core.ApplicationContext.log Initializing Spring FrameworkServlet 'dispatcher'
08-Apr-2026 19:31:26.685 INFO [main] org.apache.catalina.core.ApplicationContext.log ContextListener: contextInitialized()
08-Apr-2026 19:31:26.685 INFO [main] org.apache.catalina.core.ApplicationContext.log SessionListener: contextInitialized()
08-Apr-2026 19:31:26.689 INFO [main] org.apache.catalina.core.ApplicationContext.log ContextListener: attributeAdded('StockTicker', 'async.Stockticker@44ec4a38')
08-Apr-2026 19:34:49.766 INFO [main] org.apache.catalina.core.ApplicationContext.log No Spring WebApplicationInitializer types detected on classpath
08-Apr-2026 19:34:49.979 INFO [main] org.apache.catalina.core.ApplicationContext.log Initializing Spring root WebApplicationContext
08-Apr-2026 19:34:55.227 INFO [main] org.apache.catalina.core.ApplicationContext.log Initializing Spring FrameworkServlet 'dispatcher'
08-Apr-2026 19:34:57.518 INFO [main] org.apache.catalina.core.ApplicationContext.log ContextListener: contextInitialized()
08-Apr-2026 19:34:57.518 INFO [main] org.apache.catalina.core.ApplicationContext.log SessionListener: contextInitialized()
08-Apr-2026 19:34:57.522 INFO [main] org.apache.catalina.core.ApplicationContext.log ContextListener: attributeAdded('StockTicker', 'async.Stockticker@44ec4a38')
08-Apr-2026 19:39:33.676 INFO [main] org.apache.catalina.core.ApplicationContext.log No Spring WebApplicationInitializer types detected on classpath
08-Apr-2026 19:39:33.875 INFO [main] org.apache.catalina.core.ApplicationContext.log Initializing Spring root WebApplicationContext
08-Apr-2026 19:39:39.128 INFO [main] org.apache.catalina.core.ApplicationContext.log Initializing Spring FrameworkServlet 'dispatcher'
08-Apr-2026 19:39:41.493 INFO [main] org.apache.catalina.core.ApplicationContext.log ContextListener: contextInitialized()
08-Apr-2026 19:39:41.493 INFO [main] org.apache.catalina.core.ApplicationContext.log SessionListener: contextInitialized()
08-Apr-2026 19:39:41.496 INFO [main] org.apache.catalina.core.ApplicationContext.log ContextListener: attributeAdded('StockTicker', 'async.Stockticker@44ec4a38')
08-Apr-2026 20:08:40.014 INFO [main] org.apache.catalina.core.ApplicationContext.log No Spring WebApplicationInitializer types detected on classpath
08-Apr-2026 20:08:40.163 INFO [main] org.apache.catalina.core.ApplicationContext.log Initializing Spring root WebApplicationContext
08-Apr-2026 20:08:44.323 INFO [main] org.apache.catalina.core.ApplicationContext.log Initializing Spring FrameworkServlet 'dispatcher'
08-Apr-2026 20:08:46.059 INFO [main] org.apache.catalina.core.ApplicationContext.log ContextListener: contextInitialized()
08-Apr-2026 20:08:46.059 INFO [main] org.apache.catalina.core.ApplicationContext.log SessionListener: contextInitialized()
08-Apr-2026 20:08:46.062 INFO [main] org.apache.catalina.core.ApplicationContext.log ContextListener: attributeAdded('StockTicker', 'async.Stockticker@2190508d')
08-Apr-2026 20:13:04.208 INFO [main] org.apache.catalina.core.ApplicationContext.log No Spring WebApplicationInitializer types detected on classpath
08-Apr-2026 20:13:04.443 INFO [main] org.apache.catalina.core.ApplicationContext.log Initializing Spring root WebApplicationContext
08-Apr-2026 20:13:10.802 INFO [main] org.apache.catalina.core.ApplicationContext.log Initializing Spring FrameworkServlet 'dispatcher'
08-Apr-2026 20:13:14.613 INFO [main] org.apache.catalina.core.ApplicationContext.log ContextListener: contextInitialized()
08-Apr-2026 20:13:14.613 INFO [main] org.apache.catalina.core.ApplicationContext.log SessionListener: contextInitialized()
08-Apr-2026 20:13:14.619 INFO [main] org.apache.catalina.core.ApplicationContext.log ContextListener: attributeAdded('StockTicker', 'async.Stockticker@72e1e587')
08-Apr-2026 20:17:58.926 INFO [main] org.apache.catalina.core.ApplicationContext.log No Spring WebApplicationInitializer types detected on classpath
08-Apr-2026 20:17:59.147 INFO [main] org.apache.catalina.core.ApplicationContext.log Initializing Spring root WebApplicationContext
08-Apr-2026 20:18:04.261 INFO [main] org.apache.catalina.core.ApplicationContext.log Initializing Spring FrameworkServlet 'dispatcher'
08-Apr-2026 20:18:06.251 INFO [main] org.apache.catalina.core.ApplicationContext.log ContextListener: contextInitialized()
08-Apr-2026 20:18:06.251 INFO [main] org.apache.catalina.core.ApplicationContext.log SessionListener: contextInitialized()
08-Apr-2026 20:18:06.255 INFO [main] org.apache.catalina.core.ApplicationContext.log ContextListener: attributeAdded('StockTicker', 'async.Stockticker@72e1e587')
08-Apr-2026 20:36:25.737 INFO [main] org.apache.catalina.core.ApplicationContext.log No Spring WebApplicationInitializer types detected on classpath
08-Apr-2026 20:36:25.916 INFO [main] org.apache.catalina.core.ApplicationContext.log Initializing Spring root WebApplicationContext
08-Apr-2026 20:36:30.997 INFO [main] org.apache.catalina.core.ApplicationContext.log Initializing Spring FrameworkServlet 'dispatcher'
08-Apr-2026 20:36:33.220 INFO [main] org.apache.catalina.core.ApplicationContext.log ContextListener: contextInitialized()
08-Apr-2026 20:36:33.220 INFO [main] org.apache.catalina.core.ApplicationContext.log SessionListener: contextInitialized()
08-Apr-2026 20:36:33.224 INFO [main] org.apache.catalina.core.ApplicationContext.log ContextListener: attributeAdded('StockTicker', 'async.Stockticker@37393dab')
08-Apr-2026 20:44:33.685 INFO [main] org.apache.catalina.core.ApplicationContext.log No Spring WebApplicationInitializer types detected on classpath
08-Apr-2026 20:44:33.854 INFO [main] org.apache.catalina.core.ApplicationContext.log Initializing Spring root WebApplicationContext
08-Apr-2026 20:44:39.589 INFO [main] org.apache.catalina.core.ApplicationContext.log Initializing Spring FrameworkServlet 'dispatcher'
08-Apr-2026 20:44:42.326 INFO [main] org.apache.catalina.core.ApplicationContext.log ContextListener: contextInitialized()
08-Apr-2026 20:44:42.326 INFO [main] org.apache.catalina.core.ApplicationContext.log SessionListener: contextInitialized()
08-Apr-2026 20:44:42.330 INFO [main] org.apache.catalina.core.ApplicationContext.log ContextListener: attributeAdded('StockTicker', 'async.Stockticker@37393dab')
08-Apr-2026 20:59:09.596 INFO [main] org.apache.catalina.core.ApplicationContext.log No Spring WebApplicationInitializer types detected on classpath
08-Apr-2026 20:59:09.769 INFO [main] org.apache.catalina.core.ApplicationContext.log Initializing Spring root WebApplicationContext
08-Apr-2026 20:59:15.066 INFO [main] org.apache.catalina.core.ApplicationContext.log Initializing Spring FrameworkServlet 'dispatcher'
08-Apr-2026 20:59:17.210 INFO [main] org.apache.catalina.core.ApplicationContext.log ContextListener: contextInitialized()
08-Apr-2026 20:59:17.210 INFO [main] org.apache.catalina.core.ApplicationContext.log SessionListener: contextInitialized()
08-Apr-2026 20:59:17.214 INFO [main] org.apache.catalina.core.ApplicationContext.log ContextListener: attributeAdded('StockTicker', 'async.Stockticker@72e1e587')
08-Apr-2026 21:08:06.036 INFO [main] org.apache.catalina.core.ApplicationContext.log No Spring WebApplicationInitializer types detected on classpath
08-Apr-2026 21:08:06.212 INFO [main] org.apache.catalina.core.ApplicationContext.log Initializing Spring root WebApplicationContext
08-Apr-2026 21:08:10.903 INFO [main] org.apache.catalina.core.ApplicationContext.log Initializing Spring FrameworkServlet 'dispatcher'
08-Apr-2026 21:08:12.928 INFO [main] org.apache.catalina.core.ApplicationContext.log ContextListener: contextInitialized()
08-Apr-2026 21:08:12.928 INFO [main] org.apache.catalina.core.ApplicationContext.log SessionListener: contextInitialized()
08-Apr-2026 21:08:12.931 INFO [main] org.apache.catalina.core.ApplicationContext.log ContextListener: attributeAdded('StockTicker', 'async.Stockticker@72e1e587')
08-Apr-2026 21:09:29.117 INFO [main] org.apache.catalina.core.ApplicationContext.log No Spring WebApplicationInitializer types detected on classpath
08-Apr-2026 21:09:29.351 INFO [main] org.apache.catalina.core.ApplicationContext.log Initializing Spring root WebApplicationContext
08-Apr-2026 21:09:35.026 INFO [main] org.apache.catalina.core.ApplicationContext.log Initializing Spring FrameworkServlet 'dispatcher'
08-Apr-2026 21:09:37.249 INFO [main] org.apache.catalina.core.ApplicationContext.log ContextListener: contextInitialized()
08-Apr-2026 21:09:37.249 INFO [main] org.apache.catalina.core.ApplicationContext.log SessionListener: contextInitialized()
08-Apr-2026 21:09:37.252 INFO [main] org.apache.catalina.core.ApplicationContext.log ContextListener: attributeAdded('StockTicker', 'async.Stockticker@368d51ca')
